<?xml version="1.0" encoding="UTF-8"?>
<!-- Generated by org.testng.reporters.JUnitReportReporter -->
<testsuite hostname="WSAMZN-HLBJ87PA" failures="0" tests="5" name="com.TestRest.API.FirstRestKC1" time="0.017" errors="0" timestamp="2021-12-23T05:53:11 SAST" skipped="0">
  <testcase classname="com.TestRest.API.FirstRestKC1" name="DPb" time="0.001"/>
  <system-out/>
  <testcase classname="com.TestRest.API.FirstRestKC1" name="DPb" time="0.001"/>
  <system-out/>
  <testcase classname="com.TestRest.API.FirstRestKC1" name="DPDemo" time="0.001"/>
  <system-out/>
  <testcase classname="com.TestRest.API.FirstRestKC1" name="DPDemo" time="0.002"/>
  <system-out/>
  <testcase classname="com.TestRest.API.FirstRestKC1" name="name" time="0.012"/>
  <system-out/>
</testsuite> <!-- com.TestRest.API.FirstRestKC1 -->
