<?xml version="1.0" encoding="UTF-8"?>
<!-- Generated by org.testng.reporters.JUnitReportReporter -->
<testsuite hostname="WSAMZN-HLBJ87PA" failures="0" tests="3" name="com.TestRest.API.Newly1" time="5.936" errors="0" timestamp="2021-12-03T06:44:21 SAST" skipped="0">
  <testcase classname="com.TestRest.API.Newly1" name="getDemo_new" time="3.067"/>
  <system-out/>
  <testcase classname="com.TestRest.API.Newly1" name="getDemo1" time="0.920"/>
  <system-out/>
  <testcase classname="com.TestRest.API.Newly1" name="getDemo" time="1.949"/>
  <system-out/>
</testsuite> <!-- com.TestRest.API.Newly1 -->
